File path                                          | mode  | owner      | group     
-------------------------------------------------------------------------------------
/opt/datadog-agent/etc/conf.d/cilium.d/auto_conf.yaml | -rw-r--r-- | steven.yuen | admin     
/var/log/datadog/process-agent.log                 | -rw-r--r-- | steven.yuen | admin     
/opt/datadog-agent/etc/conf.d/cassandra.d/conf.yaml | -rw------- | steven.yuen | admin     
/opt/datadog-agent/etc/conf.d/confluent_platform.d/metrics.yaml | -rw-r--r-- | steven.yuen | admin     
/opt/datadog-agent/etc/conf.d/presto.d/metrics.yaml | -rw-r--r-- | steven.yuen | admin     
/opt/datadog-agent/etc/conf.d/process_agent.yaml.default | -rw-r--r-- | steven.yuen | admin     
/opt/datadog-agent/etc/conf.d/cilium.d/auto_conf.yaml.disabled | -rw-r--r-- | steven.yuen | admin     
/opt/datadog-agent/etc/conf.d/disk.d/conf.yaml.default | -rw-r--r-- | steven.yuen | admin     
/opt/datadog-agent/etc/conf.d/io.d/conf.yaml.default | -rw-r--r-- | steven.yuen | admin     
/opt/datadog-agent/etc/conf.d/snmp.d/profiles/_generic-router-ip.yaml | -rw-r--r-- | steven.yuen | admin     
/opt/datadog-agent/etc/conf.d/kube_scheduler.d/auto_conf.yaml | -rw-r--r-- | steven.yuen | admin     
/opt/datadog-agent/etc/conf.d/snmp.d/conf1.yaml.disabled | -rw------- | steven.yuen | admin     
/opt/datadog-agent/etc/conf.d/snmp.d/profiles/checkpoint-firewall.yaml | -rw-r--r-- | steven.yuen | admin     
/var/log/datadog/preinstall.log                    | -rw-r--r-- | steven.yuen | admin     
/opt/datadog-agent/etc/conf.d/cassandra.d/metrics.yaml | -rw-r--r-- | steven.yuen | admin     
/opt/datadog-agent/etc/conf.d/elastic.d/auto_conf.yaml | -rw-r--r-- | steven.yuen | admin     
/opt/datadog-agent/etc/conf.d/hive.d/metrics.yaml  | -rw-r--r-- | steven.yuen | admin     
/opt/datadog-agent/etc/conf.d/kafka.d/metrics.yaml | -rw-r--r-- | steven.yuen | admin     
/opt/datadog-agent/etc/conf.d/harbor.d/auto_conf.yaml | -rw-r--r-- | steven.yuen | admin     
/opt/datadog-agent/etc/conf.d/cpu.d/conf.yaml.default | -rw-r--r-- | steven.yuen | admin     
/opt/datadog-agent/etc/conf.d/presto.d/auto_conf.yaml.disabled | -rw-r--r-- | steven.yuen | admin     
/opt/datadog-agent/etc/conf.d/snmp.d/profiles/aruba.yaml | -rw-r--r-- | steven.yuen | admin     
/var/log/datadog/trace-agent.log                   | -rw-r--r-- | steven.yuen | admin     
/opt/datadog-agent/etc/conf.d/snmp.d/profiles/arista.yaml | -rw-r--r-- | steven.yuen | admin     
/opt/datadog-agent/etc/conf.d/diz.yaml.disabled    | -rw-r--r-- | steven.yuen | admin     
/opt/datadog-agent/etc/conf.d/mongo.d/auto_conf.yaml.disabled | -rw-r--r-- | steven.yuen | admin     
/opt/datadog-agent/etc/conf.d/openmetrics.d/conf.yaml.disabled | -rw------- | steven.yuen | admin     
/opt/datadog-agent/etc/conf.d/postgres.d/conf.yaml.disabled | -rw------- | steven.yuen | admin     
/opt/datadog-agent/etc/conf.d/snmp.d/profiles/cisco-nexus.yaml | -rw-r--r-- | steven.yuen | admin     
/opt/datadog-agent/etc/conf.d/snmp.d/profiles/meraki-cloud-controller.yaml | -rw-r--r-- | steven.yuen | admin     
/opt/datadog-agent/etc/conf.d/tomcat.d/metrics.yaml | -rw-r--r-- | steven.yuen | admin     
/var/log/datadog/forwarder.log                     | -rw-r--r-- | steven.yuen | admin     
/opt/datadog-agent/etc/conf.d/couch.d/auto_conf.yaml | -rw-r--r-- | steven.yuen | admin     
/opt/datadog-agent/etc/conf.d/load.d/conf.yaml.default | -rw-r--r-- | steven.yuen | admin     
/opt/datadog-agent/etc/conf.d/snmp.d/profiles/chatsworth_pdu.yaml | -rw-r--r-- | steven.yuen | admin     
/opt/datadog-agent/etc/conf.d/snmp.d/profiles/cisco-asa-5525.yaml | -rw-r--r-- | steven.yuen | admin     
/opt/datadog-agent/etc/conf.d/kubernetes_state.d/auto_conf.yaml | -rw-r--r-- | steven.yuen | admin     
/opt/datadog-agent/etc/conf.d/lab.yaml.disabled    | -rw-r--r-- | steven.yuen | admin     
/opt/datadog-agent/etc/conf.d/snmp.d/profiles/hpe-proliant.yaml | -rw-r--r-- | steven.yuen | admin     
/opt/datadog-agent/etc/conf.d/snmp.d/profiles/idrac.yaml | -rw-r--r-- | steven.yuen | admin     
/opt/datadog-agent/etc/auth_token                  | -rw------- | steven.yuen | admin     
/opt/datadog-agent/etc/conf.d/jboss_wildfly.d/conf.yaml.disabled | -rw------- | steven.yuen | admin     
/var/log/datadog/launchd.log                       | -rw-r--r-- | steven.yuen | admin     
/var/log/datadog/postinstall.log                   | -rw-r--r-- | steven.yuen | admin     
/opt/datadog-agent/etc/conf.d/external_dns.d/auto_conf.yaml | -rw-r--r-- | steven.yuen | admin     
/opt/datadog-agent/etc/conf.d/kafka.d/conf.yaml.disabled | -rw------- | steven.yuen | admin     
/opt/datadog-agent/etc/conf.d/oracle.d/conf.yaml.disabled | -rw------- | steven.yuen | admin     
/var/log/datadog/agent.log.1173                    | -rw-r--r-- | steven.yuen | admin     
/opt/datadog-agent/etc/conf.d/activemq.d/metrics.yaml | -rw-r--r-- | steven.yuen | admin     
/opt/datadog-agent/etc/conf.d/elastic.d/conf.yaml.disabled | -rw------- | steven.yuen | admin     
/opt/datadog-agent/etc/conf.d/mcache.d/auto_conf.yaml | -rw-r--r-- | steven.yuen | admin     
/opt/datadog-agent/etc/conf.d/snmp.d/profiles/_generic-router-tcp.yaml | -rw-r--r-- | steven.yuen | admin     
/var/log/datadog/dogstatsd.log                     | -rw-r--r-- | steven.yuen | admin     
/opt/datadog-agent/etc/conf.d/redisdb.d/auto_conf.yaml.disabled | -rw-r--r-- | steven.yuen | admin     
/opt/datadog-agent/etc/conf.d/snmp.d/profiles/f5-big-ip.yaml | -rw-r--r-- | steven.yuen | admin     
/opt/datadog-agent/etc/conf.d/snmp.d/profiles/generic-router.yaml | -rw-r--r-- | steven.yuen | admin     
/opt/datadog-agent/etc/conf.d/tomcat.d/auto_conf.yaml | -rw-r--r-- | steven.yuen | admin     
/opt/datadog-agent/etc/conf.d/mon.yaml.disabled    | -rw-r--r-- | steven.yuen | admin     
/opt/datadog-agent/etc/conf.d/network.d/conf.yaml.default | -rw-r--r-- | steven.yuen | admin     
/opt/datadog-agent/etc/conf.d/process.d/conf.yaml.disabled | -rw------- | steven.yuen | admin     
/opt/datadog-agent/etc/conf.d/apache.d/auto_conf.yaml | -rw-r--r-- | steven.yuen | admin     
/opt/datadog-agent/etc/conf.d/gitlab.d/conf.yaml.disabled | -rw------- | steven.yuen | admin     
/opt/datadog-agent/etc/conf.d/jboss_wildfly.d/metrics.yaml | -rw-r--r-- | steven.yuen | admin     
/opt/datadog-agent/etc/conf.d/solr.d/metrics.yaml  | -rw-r--r-- | steven.yuen | admin     
/opt/datadog-agent/etc/conf.d/snmp.d/profiles/palo-alto.yaml | -rw-r--r-- | steven.yuen | admin     
/opt/datadog-agent/etc/conf.d/riak.d/auto_conf.yaml | -rw-r--r-- | steven.yuen | admin     
/opt/datadog-agent/etc/datadog.yaml                | -rw-r----- | steven.yuen | admin     
/opt/datadog-agent/etc/conf.d/jmx.d/conf.yaml.disabled | -rw------- | steven.yuen | admin     
/opt/datadog-agent/etc/conf.d/kubernetes_state.d/auto_conf.yaml.disabled | -rw-r--r-- | steven.yuen | admin     
/opt/datadog-agent/etc/conf.d/snmp.d/profiles/hp-ilo4.yaml | -rw-r--r-- | steven.yuen | admin     
/opt/datadog-agent/etc/conf.d/tomcat.d/auto_conf.yaml.disabled | -rw-r--r-- | steven.yuen | admin     
/opt/datadog-agent/etc/conf.d/kube_apiserver_metrics.d/auto_conf.yaml | -rw-r--r-- | steven.yuen | admin     
/var/log/datadog/trace-agent 2.log                 | -rwxr-xr-x | steven.yuen | admin     
/var/log/datadog/agent.log                         | -rw-r--r-- | steven.yuen | admin     
/opt/datadog-agent/etc/conf.d/cassandra.d/conf.yaml.disabled | -rw------- | steven.yuen | admin     
/opt/datadog-agent/etc/conf.d/consul.d/auto_conf.yaml | -rw-r--r-- | steven.yuen | admin     
/opt/datadog-agent/etc/conf.d/etcd.d/auto_conf.yaml | -rw-r--r-- | steven.yuen | admin     
/opt/datadog-agent/etc/conf.d/snmp.d/profiles/_base.yaml | -rw-r--r-- | steven.yuen | admin     
/opt/datadog-agent/etc/conf.d/mongo.d/conf.yaml.disabled | -rw------- | steven.yuen | admin     
/opt/datadog-agent/etc/conf.d/snmp.d/profiles/_base_cisco.yaml | -rw-r--r-- | steven.yuen | admin     
/var/log/datadog/supervisord.log                   | -rw-r--r-- | steven.yuen | admin     
/opt/datadog-agent/etc/conf.d/kube_dns.d/auto_conf.yaml | -rw-r--r-- | steven.yuen | admin     
/opt/datadog-agent/etc/conf.d/redisdb.d/auto_conf.yaml | -rw-r--r-- | steven.yuen | admin     
/opt/datadog-agent/etc/conf.d/snmp.d/profiles/_generic-host-resources.yaml | -rw-r--r-- | steven.yuen | admin     
/opt/datadog-agent/etc/conf.d/snmp.d/profiles/cisco-3850.yaml | -rw-r--r-- | steven.yuen | admin     
/opt/datadog-agent/etc/conf.d/elastic.d/auto_conf.yaml.disabled | -rw-r--r-- | steven.yuen | admin     
/opt/datadog-agent/etc/conf.d/snmp.d/profiles/_generic-router-if.yaml | -rw-r--r-- | steven.yuen | admin     
/opt/datadog-agent/etc/conf.d/snmp.d/profiles/_generic-router-udp.yaml | -rw-r--r-- | steven.yuen | admin     
/var/log/datadog/jmxfetch.log                      | -rw-r--r-- | steven.yuen | admin     
/opt/datadog-agent/etc/conf.d/sqlserver.yaml.disabled | -rw-r--r-- | steven.yuen | admin     
/opt/datadog-agent/etc/conf.d/uptime.d/conf.yaml.default | -rw-r--r-- | steven.yuen | admin     
/opt/datadog-agent/etc/conf.d/apm.yaml.default     | -rw-r--r-- | steven.yuen | admin     
/opt/datadog-agent/etc/conf.d/ibm_db2.d/conf.yaml.disabled | -rw------- | steven.yuen | admin     
/opt/datadog-agent/etc/conf.d/jboss_wildfly.yaml.disabled | -rw------- | steven.yuen | admin     
/opt/datadog-agent/etc/conf.d/servicetest.yaml.disabled | -rw-r--r-- | steven.yuen | admin     
/opt/datadog-agent/etc/conf.d/kyototycoon.d/auto_conf.yaml | -rw-r--r-- | steven.yuen | admin     
/opt/datadog-agent/etc/conf.d/presto.d/auto_conf.yaml | -rw-r--r-- | steven.yuen | admin     
/opt/datadog-agent/etc/conf.d/snmp.d/profiles/dell-poweredge.yaml | -rw-r--r-- | steven.yuen | admin     
/opt/datadog-agent/etc/conf.d/prometheus.d/conf.yaml.disabled | -rw------- | steven.yuen | admin     
/var/log/datadog/collector.log                     | -rw-r--r-- | steven.yuen | admin     
/opt/datadog-agent/etc/conf.d/http_check.d/conf.yaml.disabled | -rw------- | steven.yuen | admin     
/opt/datadog-agent/etc/conf.d/kube_controller_manager.d/auto_conf.yaml | -rw-r--r-- | steven.yuen | admin     
/opt/datadog-agent/etc/conf.d/snmp.d/conf.yaml.disabled | -rw------- | steven.yuen | admin     
/opt/datadog-agent/etc/conf.d/varnish.d/conf.yaml.disabled | -rw------- | steven.yuen | admin     
/opt/datadog-agent/etc/conf.d/couchbase.d/auto_conf.yaml | -rw-r--r-- | steven.yuen | admin     
/opt/datadog-agent/etc/conf.d/memory.d/conf.yaml.default | -rw-r--r-- | steven.yuen | admin     
/opt/datadog-agent/etc/conf.d/mysql.d/conf.yaml.disabled | -rw------- | steven.yuen | admin     
/opt/datadog-agent/etc/conf.d/ntp.d/conf.yaml.default | -rw-r--r-- | steven.yuen | admin     
/opt/datadog-agent/etc/conf.d/jmx.d/metrics.yaml   | -rw-r--r-- | steven.yuen | admin     
/opt/datadog-agent/etc/conf.d/presto.d/conf.yaml.disabled | -rw-r--r-- | steven.yuen | admin     
