===============
Agent (v7.19.2)
===============
  Status date: 2020-05-19 03:30:45.416186 EDT
  Agent start: 2020-05-19 03:30:03.130928 EDT
  Pid: 9022
  Go Version: go1.13.8
  Python Version: 3.8.1
  Build arch: amd64
  Check Runners: 5
  Log Level: info
  Paths
  =====
    Config File: /opt/datadog-agent/etc/datadog.yaml
    conf.d: /opt/datadog-agent/etc/conf.d
    checks.d: /opt/datadog-agent/etc/checks.d
  Clocks
  ======
    NTP offset: -620µs
    System UTC time: 2020-05-19 03:30:45.416186 EDT
  Host Info
  =========
    bootTime: 2020-05-15 10:20:10.000000 EDT
    kernelVersion: 17.7.0
    os: darwin
    platform: darwin
    platformVersion: 10.13.6
    procs: 438
    uptime: 89h9m55s
  Hostnames
  =========
    hostname: MissingKecl
    socket-fqdn: Stevens-Macbook-Pro.local
    socket-hostname: Stevens-Macbook-Pro.local
    host tags:
      environment:dev
      hello:world
      docker_swarm_node_role:manager
    hostname provider: configuration
  Metadata
  ========
    hostname_source: configuration
=========
Collector
=========
  Running Checks
  ==============
    cpu
    ---
      Instance ID: cpu [OK]
      Configuration Source: file:/opt/datadog-agent/etc/conf.d/cpu.d/conf.yaml.default
      Total Runs: 3
      Metric Samples: Last Run: 6, Total: 12
      Events: Last Run: 0, Total: 0
      Service Checks: Last Run: 0, Total: 0
      Average Execution Time : 0s
      Last Execution Date : 2020-05-19 03:30:34.000000 EDT
      Last Successful Execution Date : 2020-05-19 03:30:34.000000 EDT
    disk (2.8.0)
    ------------
      Instance ID: disk:e5dffb8bef24336f [OK]
      Configuration Source: file:/opt/datadog-agent/etc/conf.d/disk.d/conf.yaml.default
      Total Runs: 3
      Metric Samples: Last Run: 26, Total: 78
      Events: Last Run: 0, Total: 0
      Service Checks: Last Run: 0, Total: 0
      Average Execution Time : 3ms
      Last Execution Date : 2020-05-19 03:30:41.000000 EDT
      Last Successful Execution Date : 2020-05-19 03:30:41.000000 EDT
    io
    --
      Instance ID: io [OK]
      Configuration Source: file:/opt/datadog-agent/etc/conf.d/io.d/conf.yaml.default
      Total Runs: 2
      Metric Samples: Last Run: 13, Total: 17
      Events: Last Run: 0, Total: 0
      Service Checks: Last Run: 0, Total: 0
      Average Execution Time : 0s
      Last Execution Date : 2020-05-19 03:30:33.000000 EDT
      Last Successful Execution Date : 2020-05-19 03:30:33.000000 EDT
    load
    ----
      Instance ID: load [OK]
      Configuration Source: file:/opt/datadog-agent/etc/conf.d/load.d/conf.yaml.default
      Total Runs: 3
      Metric Samples: Last Run: 6, Total: 18
      Events: Last Run: 0, Total: 0
      Service Checks: Last Run: 0, Total: 0
      Average Execution Time : 6ms
      Last Execution Date : 2020-05-19 03:30:40.000000 EDT
      Last Successful Execution Date : 2020-05-19 03:30:40.000000 EDT
    memory
    ------
      Instance ID: memory [OK]
      Configuration Source: file:/opt/datadog-agent/etc/conf.d/memory.d/conf.yaml.default
      Total Runs: 2
      Metric Samples: Last Run: 9, Total: 18
      Events: Last Run: 0, Total: 0
      Service Checks: Last Run: 0, Total: 0
      Average Execution Time : 7ms
      Last Execution Date : 2020-05-19 03:30:32.000000 EDT
      Last Successful Execution Date : 2020-05-19 03:30:32.000000 EDT
    network (1.15.1)
    ----------------
      Instance ID: network:e0204ad63d43c949 [OK]
      Configuration Source: file:/opt/datadog-agent/etc/conf.d/network.d/conf.yaml.default
      Total Runs: 2
      Metric Samples: Last Run: 54, Total: 108
      Events: Last Run: 0, Total: 0
      Service Checks: Last Run: 0, Total: 0
      Average Execution Time : 10.034s
      Last Execution Date : 2020-05-19 03:30:34.000000 EDT
      Last Successful Execution Date : 2020-05-19 03:30:34.000000 EDT
    ntp
    ---
      Instance ID: ntp:d884b5186b651429 [OK]
      Configuration Source: file:/opt/datadog-agent/etc/conf.d/ntp.d/conf.yaml.default
      Total Runs: 1
      Metric Samples: Last Run: 1, Total: 1
      Events: Last Run: 0, Total: 0
      Service Checks: Last Run: 1, Total: 1
      Average Execution Time : 5.52s
      Last Execution Date : 2020-05-19 03:30:10.000000 EDT
      Last Successful Execution Date : 2020-05-19 03:30:10.000000 EDT
    uptime
    ------
      Instance ID: uptime [OK]
      Configuration Source: file:/opt/datadog-agent/etc/conf.d/uptime.d/conf.yaml.default
      Total Runs: 2
      Metric Samples: Last Run: 1, Total: 2
      Events: Last Run: 0, Total: 0
      Service Checks: Last Run: 0, Total: 0
      Average Execution Time : 0s
      Last Execution Date : 2020-05-19 03:30:31.000000 EDT
      Last Successful Execution Date : 2020-05-19 03:30:31.000000 EDT
========
JMXFetch
========

  Initialized checks
  ==================
    cassandra
      instance_name : cassandra-localhost-7199
      message : <no value>
      metric_count : 309
      service_check_count : 0
      status : OK
  Failed checks
  =============
    no checks
=========
Forwarder
=========
  Transactions
  ============
    CheckRunsV1: 2
    Connections: 0
    Containers: 0
    Dropped: 0
    DroppedOnInput: 0
    Events: 0
    HostMetadata: 0
    IntakeV1: 2
    Metadata: 0
    Pods: 0
    Processes: 0
    RTContainers: 0
    RTProcesses: 0
    Requeued: 0
    Retried: 0
    RetryQueueSize: 0
    Series: 0
    ServiceChecks: 0
    SketchSeries: 0
    Success: 6
    TimeseriesV1: 2
  API Keys status
  ===============
    API key ending with cec0d: API Key valid
==========
Endpoints
==========
  https://app.datadoghq.com - API Key ending with:
      - cec0d
==========
Logs Agent
==========
  Logs Agent is not running
============
System Probe
============
  System Probe is not running:
    Errors
    ======
    BPF-based system probe not implemented on non-linux systems
=========
Aggregator
=========
  Checks Metric Sample: 289
  Dogstatsd Metric Sample: 1
  Event: 1
  Events Flushed: 1
  Number Of Flushes: 2
  Series Flushed: 102
  Service Check: 25
  Service Checks Flushed: 20
=========
DogStatsD
=========
  Event Packets: 3
  Event Parse Errors: 4123
  Metric Packets: 1231513
  Metric Parse Errors: 123151
  Service Check Packets: 6
  Service Check Parse Errors: 123141
  Udp Bytes: 2,640
  Udp Packet Reading Errors: 1515124
  Udp Packets: 7
  Uds Bytes: 132141
  Uds Origin Detection Errors: 1412312
  Uds Packet Reading Errors: 0
  Uds Packets: 0