=== Running Alibaba Metadata availability diagnosis ===
[ERROR] error: Alibaba HostAliases: unable to query metadata endpoint: Get http://100.100.100.200/latest/meta-data/instance-id: net/http: request canceled while waiting for connection (Client.Timeout exceeded while awaiting headers) - 1589865362385479000
===> FAIL
=== Running Azure Metadata availability diagnosis ===
[ERROR] error: Azure HostAliases: unable to query metadata endpoint: Get http://169.254.169.254/metadata/instance/compute/vmId?api-version=2017-04-02&format=text: net/http: request canceled while waiting for connection (Client.Timeout exceeded while awaiting headers) - 1589865362757499000
===> FAIL
=== Running Cluster Agent availability diagnosis ===
[ERROR] error: temporary failure in clusterAgentClient, will retry later: cannot get a cluster agent endpoint for kubernetes service DATADOG_CLUSTER_AGENT, env DATADOG_CLUSTER_AGENT_SERVICE_HOST is empty - 1589865362758676000
===> FAIL
=== Running Docker availability diagnosis ===
[INFO] info: successfully connected to docker - 1589865362758734000
[INFO] infof: successfully got hostname "docker-desktop" from docker - 1589865362778808000
===> PASS
=== Running EC2 Metadata availability diagnosis ===
[ERROR] error: unable to fetch EC2 API, Get http://169.254.169.254/latest/meta-data/hostname: net/http: request canceled while waiting for connection (Client.Timeout exceeded while awaiting headers) - 1589865362882675000
===> FAIL
=== Running ECS Fargate Metadata availability diagnosis ===
[ERROR] error: Get http://169.254.170.2/v2/metadata: net/http: request canceled while waiting for connection (Client.Timeout exceeded while awaiting headers) - 1589865363383220000
===> FAIL
=== Running ECS Metadata availability diagnosis ===
[ERROR] error: temporary failure in ecsutil-meta-v1, will retry later: could not detect ECS agent, tried URLs: [http://localhost:51678/] - 1589865363385558000
===> FAIL
=== Running ECS Metadata with tags availability diagnosis ===
[ERROR] error: temporary failure in ecsutil-meta-v3, will retry later: Could not initialize client: missing metadata v3 URL - 1589865363385722000
===> FAIL
=== Running GCE Metadata availability diagnosis ===
[ERROR] error: unable to retrieve hostname from GCE: Get http://169.254.169.254/computeMetadata/v1/instance/hostname: net/http: request canceled while waiting for connection (Client.Timeout exceeded while awaiting headers) - 1589865363758921000
===> FAIL
=== Running Kubelet availability diagnosis ===
[ERROR] error: temporary failure in kubeutil, will retry later: cannot set a valid kubelet host: cannot connect to kubelet using any of the given hosts: [] [docker-desktop], Errors: [Get https://docker-desktop:10250/: dial tcp: lookup docker-desktop: no such host cannot connect: http: "Get http://docker-desktop:10255/: dial tcp: lookup docker-desktop: no such host"] - 1589865363778551000
===> FAIL
=== Running Kubernetes API Server availability diagnosis ===
[INFO] infof: Could not get apiserver client: unable to load in-cluster configuration, KUBERNETES_SERVICE_HOST and KUBERNETES_SERVICE_PORT must be defined - 1589865363778703000
[ERROR] error: temporary failure in apiserver, will retry later: unable to load in-cluster configuration, KUBERNETES_SERVICE_HOST and KUBERNETES_SERVICE_PORT must be defined - 1589865363778893000
===> FAIL